{"/home/iut45/Etudiants/o22301915/Documents/Init/TP/realtime-elo-ranker/apps/realtime-elo-ranker-server/src/ranking/auto-match.service.ts": {"path":"/home/iut45/Etudiants/o22301915/Documents/Init/TP/realtime-elo-ranker/apps/realtime-elo-ranker-server/src/ranking/auto-match.service.ts","statementMap":{"0":{"start":{"line":1,"column":0},"end":{"line":1,"column":52}},"1":{"start":{"line":2,"column":0},"end":{"line":2,"column":44}},"2":{"start":{"line":3,"column":0},"end":{"line":3,"column":51}},"3":{"start":{"line":6,"column":29},"end":{"line":31,"column":null}},"4":{"start":{"line":7,"column":28},"end":{"line":7,"column":61}},"5":{"start":{"line":9,"column":31},"end":{"line":9,"column":47}},"6":{"start":{"line":13,"column":20},"end":{"line":13,"column":55}},"7":{"start":{"line":15,"column":4},"end":{"line":17,"column":5}},"8":{"start":{"line":16,"column":6},"end":{"line":16,"column":13}},"9":{"start":{"line":19,"column":21},"end":{"line":19,"column":65}},"10":{"start":{"line":19,"column":45},"end":{"line":19,"column":64}},"11":{"start":{"line":20,"column":21},"end":{"line":20,"column":29}},"12":{"start":{"line":22,"column":19},"end":{"line":22,"column":32}},"13":{"start":{"line":23,"column":19},"end":{"line":23,"column":31}},"14":{"start":{"line":24,"column":21},"end":{"line":24,"column":49}},"15":{"start":{"line":25,"column":20},"end":{"line":25,"column":54}},"16":{"start":{"line":27,"column":4},"end":{"line":27,"column":79}},"17":{"start":{"line":29,"column":4},"end":{"line":29,"column":71}},"18":{"start":{"line":6,"column":13},"end":{"line":6,"column":29}},"19":{"start":{"line":12,"column":8},"end":{"line":30,"column":null}},"20":{"start":{"line":6,"column":13},"end":{"line":31,"column":null}}},"fnMap":{"0":{"name":"(anonymous_2)","decl":{"start":{"line":9,"column":2},"end":{"line":9,"column":31}},"loc":{"start":{"line":9,"column":61},"end":{"line":9,"column":65}}},"1":{"name":"(anonymous_3)","decl":{"start":{"line":12,"column":8},"end":{"line":12,"column":23}},"loc":{"start":{"line":12,"column":23},"end":{"line":30,"column":3}}},"2":{"name":"(anonymous_4)","decl":{"start":{"line":19,"column":39},"end":{"line":19,"column":42}},"loc":{"start":{"line":19,"column":45},"end":{"line":19,"column":64}}}},"branchMap":{"0":{"loc":{"start":{"line":15,"column":4},"end":{"line":17,"column":5}},"type":"if","locations":[{"start":{"line":15,"column":4},"end":{"line":17,"column":5}},{"start":{},"end":{}}]},"1":{"loc":{"start":{"line":24,"column":21},"end":{"line":24,"column":49}},"type":"cond-expr","locations":[{"start":{"line":24,"column":36},"end":{"line":24,"column":41}},{"start":{"line":24,"column":44},"end":{"line":24,"column":49}}]},"2":{"loc":{"start":{"line":25,"column":20},"end":{"line":25,"column":54}},"type":"cond-expr","locations":[{"start":{"line":25,"column":41},"end":{"line":25,"column":46}},{"start":{"line":25,"column":49},"end":{"line":25,"column":54}}]},"3":{"loc":{"start":{"line":9,"column":47},"end":{"line":9,"column":64}},"type":"cond-expr","locations":[{"start":{"line":9,"column":61},"end":{"line":9,"column":64}},{"start":{"line":9,"column":61},"end":{"line":9,"column":64}}]},"4":{"loc":{"start":{"line":9,"column":47},"end":{"line":9,"column":61}},"type":"binary-expr","locations":[{"start":{"line":9,"column":47},"end":{"line":9,"column":64}},{"start":{"line":9,"column":47},"end":{"line":9,"column":61}}]}},"s":{"0":1,"1":1,"2":1,"3":1,"4":2,"5":2,"6":2,"7":2,"8":1,"9":1,"10":1,"11":1,"12":1,"13":1,"14":1,"15":1,"16":1,"17":1,"18":1,"19":1,"20":1},"f":{"0":2,"1":2,"2":1},"b":{"0":[1,1],"1":[0,1],"2":[0,1],"3":[1,0],"4":[1,1]}}
,"/home/iut45/Etudiants/o22301915/Documents/Init/TP/realtime-elo-ranker/apps/realtime-elo-ranker-server/src/ranking/ranking.controller.ts": {"path":"/home/iut45/Etudiants/o22301915/Documents/Init/TP/realtime-elo-ranker/apps/realtime-elo-ranker-server/src/ranking/ranking.controller.ts","statementMap":{"0":{"start":{"line":1,"column":0},"end":{"line":1,"column":80}},"1":{"start":{"line":2,"column":0},"end":{"line":2,"column":51}},"2":{"start":{"line":3,"column":0},"end":{"line":3,"column":39}},"3":{"start":{"line":4,"column":0},"end":{"line":4,"column":69}},"4":{"start":{"line":5,"column":0},"end":{"line":5,"column":58}},"5":{"start":{"line":6,"column":0},"end":{"line":6,"column":56}},"6":{"start":{"line":10,"column":7},"end":{"line":49,"column":null}},"7":{"start":{"line":11,"column":31},"end":{"line":11,"column":47}},"8":{"start":{"line":16,"column":4},"end":{"line":16,"column":47}},"9":{"start":{"line":23,"column":4},"end":{"line":23,"column":70}},"10":{"start":{"line":29,"column":4},"end":{"line":33,"column":6}},"11":{"start":{"line":39,"column":4},"end":{"line":41,"column":77}},"12":{"start":{"line":41,"column":27},"end":{"line":41,"column":57}},"13":{"start":{"line":47,"column":4},"end":{"line":47,"column":49}},"14":{"start":{"line":10,"column":13},"end":{"line":10,"column":30}},"15":{"start":{"line":15,"column":8},"end":{"line":17,"column":null}},"16":{"start":{"line":22,"column":8},"end":{"line":24,"column":null}},"17":{"start":{"line":28,"column":8},"end":{"line":34,"column":null}},"18":{"start":{"line":38,"column":2},"end":{"line":42,"column":null}},"19":{"start":{"line":46,"column":8},"end":{"line":48,"column":null}},"20":{"start":{"line":10,"column":13},"end":{"line":49,"column":null}}},"fnMap":{"0":{"name":"(anonymous_4)","decl":{"start":{"line":11,"column":2},"end":{"line":11,"column":31}},"loc":{"start":{"line":11,"column":61},"end":{"line":11,"column":65}}},"1":{"name":"(anonymous_5)","decl":{"start":{"line":15,"column":8},"end":{"line":15,"column":18}},"loc":{"start":{"line":15,"column":18},"end":{"line":17,"column":3}}},"2":{"name":"(anonymous_6)","decl":{"start":{"line":22,"column":8},"end":{"line":22,"column":20}},"loc":{"start":{"line":22,"column":61},"end":{"line":24,"column":3}}},"3":{"name":"(anonymous_7)","decl":{"start":{"line":28,"column":8},"end":{"line":28,"column":19}},"loc":{"start":{"line":28,"column":58},"end":{"line":34,"column":3}}},"4":{"name":"(anonymous_8)","decl":{"start":{"line":38,"column":2},"end":{"line":38,"column":5}},"loc":{"start":{"line":38,"column":5},"end":{"line":42,"column":3}}},"5":{"name":"(anonymous_9)","decl":{"start":{"line":41,"column":16},"end":{"line":41,"column":17}},"loc":{"start":{"line":41,"column":27},"end":{"line":41,"column":57}}},"6":{"name":"(anonymous_10)","decl":{"start":{"line":46,"column":8},"end":{"line":46,"column":13}},"loc":{"start":{"line":46,"column":13},"end":{"line":48,"column":3}}}},"branchMap":{"0":{"loc":{"start":{"line":22,"column":46},"end":{"line":22,"column":null}},"type":"cond-expr","locations":[{"start":{"line":22,"column":61},"end":{"line":22,"column":null}},{"start":{"line":22,"column":61},"end":{"line":22,"column":null}}]},"1":{"loc":{"start":{"line":22,"column":46},"end":{"line":22,"column":61}},"type":"binary-expr","locations":[{"start":{"line":22,"column":46},"end":{"line":22,"column":null}},{"start":{"line":22,"column":46},"end":{"line":22,"column":61}}]},"2":{"loc":{"start":{"line":28,"column":44},"end":{"line":28,"column":null}},"type":"cond-expr","locations":[{"start":{"line":28,"column":58},"end":{"line":28,"column":null}},{"start":{"line":28,"column":58},"end":{"line":28,"column":null}}]},"3":{"loc":{"start":{"line":28,"column":44},"end":{"line":28,"column":58}},"type":"binary-expr","locations":[{"start":{"line":28,"column":44},"end":{"line":28,"column":null}},{"start":{"line":28,"column":44},"end":{"line":28,"column":58}}]},"4":{"loc":{"start":{"line":38,"column":9},"end":{"line":38,"column":null}},"type":"cond-expr","locations":[{"start":{"line":38,"column":19},"end":{"line":38,"column":null}},{"start":{"line":38,"column":19},"end":{"line":38,"column":null}}]},"5":{"loc":{"start":{"line":38,"column":9},"end":{"line":38,"column":19}},"type":"binary-expr","locations":[{"start":{"line":38,"column":9},"end":{"line":38,"column":null}},{"start":{"line":38,"column":9},"end":{"line":38,"column":19}}]},"6":{"loc":{"start":{"line":11,"column":47},"end":{"line":11,"column":64}},"type":"cond-expr","locations":[{"start":{"line":11,"column":61},"end":{"line":11,"column":64}},{"start":{"line":11,"column":61},"end":{"line":11,"column":64}}]},"7":{"loc":{"start":{"line":11,"column":47},"end":{"line":11,"column":61}},"type":"binary-expr","locations":[{"start":{"line":11,"column":47},"end":{"line":11,"column":64}},{"start":{"line":11,"column":47},"end":{"line":11,"column":61}}]}},"s":{"0":1,"1":1,"2":1,"3":1,"4":1,"5":1,"6":1,"7":5,"8":1,"9":1,"10":1,"11":0,"12":0,"13":1,"14":1,"15":1,"16":1,"17":1,"18":1,"19":1,"20":1},"f":{"0":5,"1":1,"2":1,"3":1,"4":0,"5":0,"6":1},"b":{"0":[1,0],"1":[1,1],"2":[1,0],"3":[1,1],"4":[1,0],"5":[1,1],"6":[1,0],"7":[1,1]}}
,"/home/iut45/Etudiants/o22301915/Documents/Init/TP/realtime-elo-ranker/apps/realtime-elo-ranker-server/src/ranking/ranking.service.ts": {"path":"/home/iut45/Etudiants/o22301915/Documents/Init/TP/realtime-elo-ranker/apps/realtime-elo-ranker-server/src/ranking/ranking.service.ts","statementMap":{"0":{"start":{"line":2,"column":0},"end":{"line":2,"column":44}},"1":{"start":{"line":3,"column":0},"end":{"line":3,"column":51}},"2":{"start":{"line":4,"column":0},"end":{"line":4,"column":37}},"3":{"start":{"line":5,"column":0},"end":{"line":5,"column":43}},"4":{"start":{"line":6,"column":0},"end":{"line":6,"column":50}},"5":{"start":{"line":7,"column":0},"end":{"line":7,"column":48}},"6":{"start":{"line":10,"column":7},"end":{"line":84,"column":null}},"7":{"start":{"line":11,"column":30},"end":{"line":11,"column":32}},"8":{"start":{"line":12,"column":27},"end":{"line":12,"column":45}},"9":{"start":{"line":15,"column":38},"end":{"line":15,"column":50}},"10":{"start":{"line":16,"column":37},"end":{"line":16,"column":48}},"11":{"start":{"line":20,"column":4},"end":{"line":20,"column":34}},"12":{"start":{"line":24,"column":4},"end":{"line":24,"column":60}},"13":{"start":{"line":28,"column":4},"end":{"line":28,"column":46}},"14":{"start":{"line":32,"column":17},"end":{"line":32,"column":62}},"15":{"start":{"line":33,"column":4},"end":{"line":40,"column":5}},"16":{"start":{"line":34,"column":6},"end":{"line":34,"column":70}},"17":{"start":{"line":35,"column":6},"end":{"line":35,"column":41}},"18":{"start":{"line":36,"column":6},"end":{"line":39,"column":9}},"19":{"start":{"line":41,"column":4},"end":{"line":41,"column":18}},"20":{"start":{"line":45,"column":19},"end":{"line":45,"column":68}},"21":{"start":{"line":46,"column":18},"end":{"line":46,"column":66}},"22":{"start":{"line":48,"column":4},"end":{"line":50,"column":5}},"23":{"start":{"line":49,"column":6},"end":{"line":49,"column":18}},"24":{"start":{"line":52,"column":19},"end":{"line":52,"column":35}},"25":{"start":{"line":53,"column":22},"end":{"line":53,"column":78}},"26":{"start":{"line":55,"column":4},"end":{"line":57,"column":6}},"27":{"start":{"line":58,"column":4},"end":{"line":60,"column":6}},"28":{"start":{"line":62,"column":4},"end":{"line":62,"column":48}},"29":{"start":{"line":63,"column":18},"end":{"line":63,"column":74}},"30":{"start":{"line":65,"column":4},"end":{"line":68,"column":7}},"31":{"start":{"line":69,"column":4},"end":{"line":72,"column":7}},"32":{"start":{"line":73,"column":4},"end":{"line":73,"column":61}},"33":{"start":{"line":75,"column":4},"end":{"line":75,"column":36}},"34":{"start":{"line":79,"column":4},"end":{"line":79,"column":33}},"35":{"start":{"line":80,"column":4},"end":{"line":80,"column":34}},"36":{"start":{"line":81,"column":4},"end":{"line":81,"column":54}},"37":{"start":{"line":82,"column":4},"end":{"line":82,"column":63}},"38":{"start":{"line":10,"column":13},"end":{"line":10,"column":27}},"39":{"start":{"line":10,"column":13},"end":{"line":84,"column":null}}},"fnMap":{"0":{"name":"(anonymous_4)","decl":{"start":{"line":14,"column":2},"end":{"line":14,"column":null}},"loc":{"start":{"line":16,"column":65},"end":{"line":17,"column":6}}},"1":{"name":"(anonymous_5)","decl":{"start":{"line":19,"column":2},"end":{"line":19,"column":7}},"loc":{"start":{"line":19,"column":15},"end":{"line":21,"column":3}}},"2":{"name":"(anonymous_6)","decl":{"start":{"line":23,"column":2},"end":{"line":23,"column":7}},"loc":{"start":{"line":23,"column":22},"end":{"line":25,"column":3}}},"3":{"name":"(anonymous_7)","decl":{"start":{"line":27,"column":2},"end":{"line":27,"column":11}},"loc":{"start":{"line":27,"column":11},"end":{"line":29,"column":3}}},"4":{"name":"(anonymous_8)","decl":{"start":{"line":31,"column":2},"end":{"line":31,"column":7}},"loc":{"start":{"line":31,"column":33},"end":{"line":42,"column":3}}},"5":{"name":"(anonymous_9)","decl":{"start":{"line":44,"column":2},"end":{"line":44,"column":7}},"loc":{"start":{"line":44,"column":72},"end":{"line":76,"column":3}}},"6":{"name":"(anonymous_10)","decl":{"start":{"line":78,"column":2},"end":{"line":78,"column":7}},"loc":{"start":{"line":78,"column":17},"end":{"line":83,"column":3}}}},"branchMap":{"0":{"loc":{"start":{"line":33,"column":4},"end":{"line":40,"column":5}},"type":"if","locations":[{"start":{"line":33,"column":4},"end":{"line":40,"column":5}},{"start":{},"end":{}}]},"1":{"loc":{"start":{"line":48,"column":4},"end":{"line":50,"column":5}},"type":"if","locations":[{"start":{"line":48,"column":4},"end":{"line":50,"column":5}},{"start":{},"end":{}}]},"2":{"loc":{"start":{"line":48,"column":8},"end":{"line":48,"column":25}},"type":"binary-expr","locations":[{"start":{"line":48,"column":8},"end":{"line":48,"column":15}},{"start":{"line":48,"column":19},"end":{"line":48,"column":25}}]},"3":{"loc":{"start":{"line":52,"column":19},"end":{"line":52,"column":35}},"type":"cond-expr","locations":[{"start":{"line":52,"column":28},"end":{"line":52,"column":31}},{"start":{"line":52,"column":34},"end":{"line":52,"column":35}}]},"4":{"loc":{"start":{"line":15,"column":50},"end":{"line":15,"column":68}},"type":"cond-expr","locations":[{"start":{"line":15,"column":60},"end":{"line":15,"column":68}},{"start":{"line":15,"column":60},"end":{"line":15,"column":68}}]},"5":{"loc":{"start":{"line":15,"column":50},"end":{"line":15,"column":60}},"type":"binary-expr","locations":[{"start":{"line":15,"column":50},"end":{"line":15,"column":68}},{"start":{"line":15,"column":50},"end":{"line":15,"column":60}}]},"6":{"loc":{"start":{"line":15,"column":60},"end":{"line":16,"column":65}},"type":"cond-expr","locations":[{"start":{"line":16,"column":58},"end":{"line":16,"column":65}},{"start":{"line":16,"column":58},"end":{"line":16,"column":65}}]},"7":{"loc":{"start":{"line":15,"column":60},"end":{"line":16,"column":58}},"type":"binary-expr","locations":[{"start":{"line":15,"column":60},"end":{"line":16,"column":65}},{"start":{"line":16,"column":48},"end":{"line":16,"column":58}}]}},"s":{"0":3,"1":3,"2":3,"3":3,"4":3,"5":3,"6":3,"7":9,"8":9,"9":9,"10":9,"11":1,"12":1,"13":0,"14":1,"15":1,"16":1,"17":1,"18":1,"19":1,"20":4,"21":4,"22":4,"23":1,"24":3,"25":3,"26":3,"27":3,"28":3,"29":3,"30":3,"31":3,"32":3,"33":3,"34":1,"35":1,"36":1,"37":1,"38":3,"39":3},"f":{"0":9,"1":1,"2":1,"3":0,"4":1,"5":4,"6":1},"b":{"0":[1,0],"1":[1,3],"2":[4,3],"3":[1,2],"4":[3,0],"5":[3,3],"6":[3,0],"7":[3,3]}}
}
