TN:
SF:src/ranking/auto-match.service.ts
FN:9,(anonymous_2)
FN:12,(anonymous_3)
FN:19,(anonymous_4)
FNF:3
FNH:3
FNDA:2,(anonymous_2)
FNDA:2,(anonymous_3)
FNDA:1,(anonymous_4)
DA:1,1
DA:2,1
DA:3,1
DA:6,1
DA:7,2
DA:9,2
DA:12,1
DA:13,2
DA:15,2
DA:16,1
DA:19,1
DA:20,1
DA:22,1
DA:23,1
DA:24,1
DA:25,1
DA:27,1
DA:29,1
LF:18
LH:18
BRDA:15,0,0,1
BRDA:15,0,1,1
BRDA:24,1,0,0
BRDA:24,1,1,1
BRDA:25,2,0,0
BRDA:25,2,1,1
BRDA:9,3,0,1
BRDA:9,3,1,0
BRDA:9,4,0,1
BRDA:9,4,1,1
BRF:10
BRH:7
end_of_record
TN:
SF:src/ranking/ranking.controller.ts
FN:11,(anonymous_4)
FN:15,(anonymous_5)
FN:22,(anonymous_6)
FN:28,(anonymous_7)
FN:38,(anonymous_8)
FN:41,(anonymous_9)
FN:46,(anonymous_10)
FNF:7
FNH:5
FNDA:5,(anonymous_4)
FNDA:1,(anonymous_5)
FNDA:1,(anonymous_6)
FNDA:1,(anonymous_7)
FNDA:0,(anonymous_8)
FNDA:0,(anonymous_9)
FNDA:1,(anonymous_10)
DA:1,1
DA:2,1
DA:3,1
DA:4,1
DA:5,1
DA:6,1
DA:10,1
DA:11,5
DA:15,1
DA:16,1
DA:22,1
DA:23,1
DA:28,1
DA:29,1
DA:38,1
DA:39,0
DA:41,0
DA:46,1
DA:47,1
LF:19
LH:17
BRDA:22,0,0,1
BRDA:22,0,1,0
BRDA:22,1,0,1
BRDA:22,1,1,1
BRDA:28,2,0,1
BRDA:28,2,1,0
BRDA:28,3,0,1
BRDA:28,3,1,1
BRDA:38,4,0,1
BRDA:38,4,1,0
BRDA:38,5,0,1
BRDA:38,5,1,1
BRDA:11,6,0,1
BRDA:11,6,1,0
BRDA:11,7,0,1
BRDA:11,7,1,1
BRF:16
BRH:12
end_of_record
TN:
SF:src/ranking/ranking.service.ts
FN:14,(anonymous_4)
FN:19,(anonymous_5)
FN:23,(anonymous_6)
FN:27,(anonymous_7)
FN:31,(anonymous_8)
FN:44,(anonymous_9)
FN:78,(anonymous_10)
FNF:7
FNH:6
FNDA:9,(anonymous_4)
FNDA:1,(anonymous_5)
FNDA:1,(anonymous_6)
FNDA:0,(anonymous_7)
FNDA:1,(anonymous_8)
FNDA:4,(anonymous_9)
FNDA:1,(anonymous_10)
DA:2,3
DA:3,3
DA:4,3
DA:5,3
DA:6,3
DA:7,3
DA:10,3
DA:11,9
DA:12,9
DA:15,9
DA:16,9
DA:20,1
DA:24,1
DA:28,0
DA:32,1
DA:33,1
DA:34,1
DA:35,1
DA:36,1
DA:41,1
DA:45,4
DA:46,4
DA:48,4
DA:49,1
DA:52,3
DA:53,3
DA:55,3
DA:58,3
DA:62,3
DA:63,3
DA:65,3
DA:69,3
DA:73,3
DA:75,3
DA:79,1
DA:80,1
DA:81,1
DA:82,1
LF:38
LH:37
BRDA:33,0,0,1
BRDA:33,0,1,0
BRDA:48,1,0,1
BRDA:48,1,1,3
BRDA:48,2,0,4
BRDA:48,2,1,3
BRDA:52,3,0,1
BRDA:52,3,1,2
BRDA:15,4,0,3
BRDA:15,4,1,0
BRDA:15,5,0,3
BRDA:15,5,1,3
BRDA:15,6,0,3
BRDA:15,6,1,0
BRDA:15,7,0,3
BRDA:15,7,1,3
BRF:16
BRH:13
end_of_record
